2024-09-16 16:25:46,169 - INFO - Logging started
2024-09-16 16:25:46,169 - INFO - Starting directory scan on URL: http://google.com
2024-09-16 16:26:10,293 - ERROR - Request exception for http://google.com/secret: HTTPConnectionPool(host='google.com', port=80): Read timed out. (read timeout=10)
2024-09-16 16:26:10,301 - INFO - Discovered URL: http://google.com/.well-known/security.txt
2024-09-16 16:26:10,302 - INFO - Discovered URL: http://google.com/2001
2024-09-16 16:26:10,302 - INFO - Discovered URL: http://google.com/2002
2024-09-16 16:26:10,302 - INFO - Discovered URL: http://google.com/2003
2024-09-16 16:26:10,302 - INFO - Discovered URL: http://google.com/2004
2024-09-16 16:26:10,302 - INFO - Discovered URL: http://google.com/2005
2024-09-16 16:26:10,302 - INFO - Discovered URL: http://google.com/2006
2024-09-16 16:26:10,302 - INFO - Discovered URL: http://google.com/2007
2024-09-16 16:26:10,303 - INFO - Discovered URL: http://google.com/2008
2024-09-16 16:26:10,303 - INFO - Discovered URL: http://google.com/2009
2024-09-16 16:26:10,303 - INFO - Discovered URL: http://google.com/2010
2024-09-16 16:26:10,303 - INFO - Discovered URL: http://google.com/2011
2024-09-16 16:26:10,303 - INFO - Discovered URL: http://google.com/2012
2024-09-16 16:26:10,303 - INFO - Discovered URL: http://google.com/2013
2024-09-16 16:26:10,303 - INFO - Discovered URL: http://google.com/2014
2024-09-16 16:26:10,303 - INFO - Discovered URL: http://google.com/2015
2024-09-16 16:26:10,304 - INFO - Discovered URL: http://google.com/2016
2024-09-16 16:26:10,304 - INFO - Discovered URL: http://google.com/2017
2024-09-16 16:26:10,304 - INFO - Discovered URL: http://google.com/2018
2024-09-16 16:26:10,304 - INFO - Discovered URL: http://google.com/2019
2024-09-16 16:26:10,304 - INFO - Discovered URL: http://google.com/2020
2024-09-16 16:26:10,304 - INFO - Discovered URL: http://google.com/Research
2024-09-16 16:26:10,304 - INFO - Discovered URL: http://google.com/about
2024-09-16 16:26:10,305 - INFO - Discovered URL: http://google.com/accessibility
2024-09-16 16:26:10,305 - INFO - Discovered URL: http://google.com/account
2024-09-16 16:26:10,305 - INFO - Discovered URL: http://google.com/accounts
2024-09-16 16:26:10,305 - INFO - Discovered URL: http://google.com/activity
2024-09-16 16:26:10,305 - INFO - Discovered URL: http://google.com/ads
2024-09-16 16:26:10,305 - INFO - Discovered URL: http://google.com/advanced_search
2024-09-16 16:26:10,305 - INFO - Discovered URL: http://google.com/advertise
2024-09-16 16:26:10,305 - INFO - Discovered URL: http://google.com/advertisers
2024-09-16 16:26:10,306 - INFO - Discovered URL: http://google.com/advertising
2024-09-16 16:26:10,306 - INFO - Discovered URL: http://google.com/africa
2024-09-16 16:26:10,306 - INFO - Discovered URL: http://google.com/alerts
2024-09-16 16:26:10,306 - INFO - Discovered URL: http://google.com/analytics
2024-09-16 16:26:10,306 - INFO - Discovered URL: http://google.com/android
2024-09-16 16:26:10,306 - INFO - Discovered URL: http://google.com/answers
2024-09-16 16:26:10,306 - INFO - Discovered URL: http://google.com/apis
2024-09-16 16:26:10,306 - INFO - Discovered URL: http://google.com/apple-app-site-association
2024-09-16 16:26:10,306 - INFO - Discovered URL: http://google.com/appliance
2024-09-16 16:26:10,306 - INFO - Discovered URL: http://google.com/blocked
2024-09-16 16:26:10,307 - INFO - Discovered URL: http://google.com/blog
2024-09-16 16:26:10,307 - INFO - Discovered URL: http://google.com/blogger
2024-09-16 16:26:10,308 - INFO - Discovered URL: http://google.com/books
2024-09-16 16:26:10,308 - INFO - Discovered URL: http://google.com/business
2024-09-16 16:26:10,308 - INFO - Discovered URL: http://google.com/calendar
2024-09-16 16:26:10,308 - INFO - Discovered URL: http://google.com/careers
2024-09-16 16:26:10,308 - INFO - Discovered URL: http://google.com/cars
2024-09-16 16:26:10,308 - INFO - Discovered URL: http://google.com/chat
2024-09-16 16:26:10,308 - INFO - Discovered URL: http://google.com/chrome
2024-09-16 16:26:10,308 - INFO - Discovered URL: http://google.com/collection
2024-09-16 16:26:10,309 - INFO - Discovered URL: http://google.com/company
2024-09-16 16:26:10,309 - INFO - Discovered URL: http://google.com/compare
2024-09-16 16:26:10,309 - INFO - Discovered URL: http://google.com/contact
2024-09-16 16:26:10,309 - INFO - Discovered URL: http://google.com/contacts
2024-09-16 16:26:10,309 - INFO - Discovered URL: http://google.com/creditcards
2024-09-16 16:26:10,310 - INFO - Discovered URL: http://google.com/crossdomain.xml
2024-09-16 16:26:10,310 - INFO - Discovered URL: http://google.com/cse
2024-09-16 16:26:10,310 - INFO - Discovered URL: http://google.com/custom
2024-09-16 16:26:10,310 - INFO - Discovered URL: http://google.com/dashboard
2024-09-16 16:26:10,310 - INFO - Discovered URL: http://google.com/deleted
2024-09-16 16:26:10,310 - INFO - Discovered URL: http://google.com/design
2024-09-16 16:26:10,311 - INFO - Discovered URL: http://google.com/developer
2024-09-16 16:26:10,311 - INFO - Discovered URL: http://google.com/developers
2024-09-16 16:26:10,311 - INFO - Discovered URL: http://google.com/device
2024-09-16 16:26:10,311 - INFO - Discovered URL: http://google.com/devices
2024-09-16 16:26:10,311 - INFO - Discovered URL: http://google.com/docs
2024-09-16 16:26:10,311 - INFO - Discovered URL: http://google.com/domains
2024-09-16 16:26:10,311 - INFO - Discovered URL: http://google.com/doubleclick
2024-09-16 16:26:10,312 - INFO - Discovered URL: http://google.com/ebooks
2024-09-16 16:26:10,312 - INFO - Discovered URL: http://google.com/edu
2024-09-16 16:26:10,312 - INFO - Discovered URL: http://google.com/education
2024-09-16 16:26:10,312 - INFO - Discovered URL: http://google.com/enterprise
2024-09-16 16:26:10,312 - INFO - Discovered URL: http://google.com/favicon.ico
2024-09-16 16:26:10,312 - INFO - Discovered URL: http://google.com/fi
2024-09-16 16:26:10,313 - INFO - Discovered URL: http://google.com/finance
2024-09-16 16:26:10,313 - INFO - Discovered URL: http://google.com/firefox
2024-09-16 16:26:10,313 - INFO - Discovered URL: http://google.com/flights
2024-09-16 16:26:10,313 - INFO - Discovered URL: http://google.com/fonts
2024-09-16 16:26:10,313 - INFO - Discovered URL: http://google.com/forms
2024-09-16 16:26:10,313 - INFO - Discovered URL: http://google.com/fotos
2024-09-16 16:26:10,313 - INFO - Discovered URL: http://google.com/friends
2024-09-16 16:26:10,313 - INFO - Discovered URL: http://google.com/games
2024-09-16 16:26:10,313 - INFO - Discovered URL: http://google.com/grants
2024-09-16 16:26:10,313 - INFO - Discovered URL: http://google.com/green
2024-09-16 16:26:10,313 - INFO - Discovered URL: http://google.com/groups
2024-09-16 16:26:10,313 - INFO - Discovered URL: http://google.com/health
2024-09-16 16:26:10,313 - INFO - Discovered URL: http://google.com/hire
2024-09-16 16:26:10,313 - INFO - Discovered URL: http://google.com/history
2024-09-16 16:26:10,313 - INFO - Discovered URL: http://google.com/home
2024-09-16 16:26:10,313 - INFO - Discovered URL: http://google.com/homepage
2024-09-16 16:26:10,313 - INFO - Discovered URL: http://google.com/hosted
2024-09-16 16:26:10,313 - INFO - Discovered URL: http://google.com/hotels
2024-09-16 16:26:10,313 - INFO - Discovered URL: http://google.com/humans.txt
2024-09-16 16:26:10,313 - INFO - Discovered URL: http://google.com/ideas
2024-09-16 16:26:10,313 - INFO - Discovered URL: http://google.com/ie
2024-09-16 16:26:10,313 - INFO - Discovered URL: http://google.com/ig
2024-09-16 16:26:10,313 - INFO - Discovered URL: http://google.com/images
2024-09-16 16:26:10,313 - INFO - Discovered URL: http://google.com/inbox
2024-09-16 16:26:10,313 - INFO - Discovered URL: http://google.com/index.html
2024-09-16 16:26:10,313 - INFO - Discovered URL: http://google.com/jigsaw
2024-09-16 16:26:10,313 - INFO - Discovered URL: http://google.com/jobs
2024-09-16 16:26:10,313 - INFO - Discovered URL: http://google.com/jump
2024-09-16 16:26:10,313 - INFO - Discovered URL: http://google.com/keep
2024-09-16 16:26:10,313 - INFO - Discovered URL: http://google.com/labs
2024-09-16 16:26:10,313 - INFO - Discovered URL: http://google.com/local
2024-09-16 16:26:10,313 - INFO - Discovered URL: http://google.com/logos
2024-09-16 16:26:10,313 - INFO - Discovered URL: http://google.com/m
2024-09-16 16:26:10,317 - INFO - Discovered URL: http://google.com/mail
2024-09-16 16:26:10,317 - INFO - Discovered URL: http://google.com/manifest
2024-09-16 16:26:10,317 - INFO - Discovered URL: http://google.com/manufacturers
2024-09-16 16:26:10,317 - INFO - Discovered URL: http://google.com/maps
2024-09-16 16:26:10,317 - INFO - Discovered URL: http://google.com/mini
2024-09-16 16:26:10,317 - INFO - Discovered URL: http://google.com/mobile
2024-09-16 16:26:10,317 - INFO - Discovered URL: http://google.com/moderator
2024-09-16 16:26:10,317 - INFO - Discovered URL: http://google.com/movies
2024-09-16 16:26:10,317 - INFO - Discovered URL: http://google.com/music
2024-09-16 16:26:10,317 - INFO - Discovered URL: http://google.com/myaccount
2024-09-16 16:26:10,317 - INFO - Discovered URL: http://google.com/navigation
2024-09-16 16:26:10,317 - INFO - Discovered URL: http://google.com/news
2024-09-16 16:26:10,317 - INFO - Discovered URL: http://google.com/offers
2024-09-16 16:26:10,317 - INFO - Discovered URL: http://google.com/on
2024-09-16 16:26:10,317 - INFO - Discovered URL: http://google.com/opensource
2024-09-16 16:26:10,317 - INFO - Discovered URL: http://google.com/partners
2024-09-16 16:26:10,317 - INFO - Discovered URL: http://google.com/password
2024-09-16 16:26:10,317 - INFO - Discovered URL: http://google.com/passwords
2024-09-16 16:26:10,317 - INFO - Discovered URL: http://google.com/patents
2024-09-16 16:26:10,317 - INFO - Discovered URL: http://google.com/pay
2024-09-16 16:26:10,317 - INFO - Discovered URL: http://google.com/payments
2024-09-16 16:26:10,317 - INFO - Discovered URL: http://google.com/pda
2024-09-16 16:26:10,317 - INFO - Discovered URL: http://google.com/phone
2024-09-16 16:26:10,317 - INFO - Discovered URL: http://google.com/phones
2024-09-16 16:26:10,317 - INFO - Discovered URL: http://google.com/photos
2024-09-16 16:26:10,317 - INFO - Discovered URL: http://google.com/pixel
2024-09-16 16:26:10,317 - INFO - Discovered URL: http://google.com/places
2024-09-16 16:26:10,317 - INFO - Discovered URL: http://google.com/play
2024-09-16 16:26:10,317 - INFO - Discovered URL: http://google.com/policies
2024-09-16 16:26:10,317 - INFO - Discovered URL: http://google.com/preferences
2024-09-16 16:26:10,317 - INFO - Discovered URL: http://google.com/press
2024-09-16 16:26:10,317 - INFO - Discovered URL: http://google.com/privacy
2024-09-16 16:26:10,317 - INFO - Discovered URL: http://google.com/privacypolicy
2024-09-16 16:26:10,317 - INFO - Discovered URL: http://google.com/publications
2024-09-16 16:26:10,317 - INFO - Discovered URL: http://google.com/publisher
2024-09-16 16:26:10,317 - INFO - Discovered URL: http://google.com/recovery
2024-09-16 16:26:10,317 - INFO - Discovered URL: http://google.com/related
2024-09-16 16:26:10,317 - INFO - Discovered URL: http://google.com/reporting
2024-09-16 16:26:10,317 - INFO - Discovered URL: http://google.com/research
2024-09-16 16:26:10,317 - INFO - Discovered URL: http://google.com/retail
2024-09-16 16:26:10,317 - INFO - Discovered URL: http://google.com/robots.txt
2024-09-16 16:26:10,317 - INFO - Discovered URL: http://google.com/save
2024-09-16 16:26:10,317 - INFO - Discovered URL: http://google.com/saved
2024-09-16 16:26:10,317 - INFO - Discovered URL: http://google.com/saves
2024-09-16 16:26:10,317 - INFO - Discovered URL: http://google.com/script
2024-09-16 16:26:10,317 - INFO - Discovered URL: http://google.com/search
2024-09-16 16:26:10,317 - INFO - Discovered URL: http://google.com/security
2024-09-16 16:26:10,317 - INFO - Discovered URL: http://google.com/services
2024-09-16 16:26:10,317 - INFO - Discovered URL: http://google.com/shopping
2024-09-16 16:26:10,317 - INFO - Discovered URL: http://google.com/sitemap.xml
2024-09-16 16:26:10,317 - INFO - Discovered URL: http://google.com/sitemaps
2024-09-16 16:26:10,317 - INFO - Discovered URL: http://google.com/sites
2024-09-16 16:26:10,317 - INFO - Discovered URL: http://google.com/sitesearch
2024-09-16 16:26:10,317 - INFO - Discovered URL: http://google.com/slides
2024-09-16 16:26:10,317 - INFO - Discovered URL: http://google.com/sms
2024-09-16 16:26:10,317 - INFO - Discovered URL: http://google.com/store
2024-09-16 16:26:10,317 - INFO - Discovered URL: http://google.com/student
2024-09-16 16:26:10,317 - INFO - Discovered URL: http://google.com/students
2024-09-16 16:26:10,317 - INFO - Discovered URL: http://google.com/support
2024-09-16 16:26:10,317 - INFO - Discovered URL: http://google.com/survey
2024-09-16 16:26:10,317 - INFO - Discovered URL: http://google.com/surveys
2024-09-16 16:26:10,317 - INFO - Discovered URL: http://google.com/tags
2024-09-16 16:26:10,317 - INFO - Discovered URL: http://google.com/talk
2024-09-16 16:26:10,317 - INFO - Discovered URL: http://google.com/technology
2024-09-16 16:26:10,326 - INFO - Discovered URL: http://google.com/toolbar
2024-09-16 16:26:10,326 - INFO - Discovered URL: http://google.com/tools
2024-09-16 16:26:10,326 - INFO - Discovered URL: http://google.com/translate
2024-09-16 16:26:10,326 - INFO - Discovered URL: http://google.com/travel
2024-09-16 16:26:10,326 - INFO - Discovered URL: http://google.com/trends
2024-09-16 16:26:10,327 - INFO - Discovered URL: http://google.com/tv
2024-09-16 16:26:10,327 - INFO - Discovered URL: http://google.com/video
2024-09-16 16:26:10,327 - INFO - Discovered URL: http://google.com/views
2024-09-16 16:26:10,327 - INFO - Discovered URL: http://google.com/webmaster
2024-09-16 16:26:10,327 - INFO - Discovered URL: http://google.com/webmasters
2024-09-16 16:26:10,328 - INFO - Discovered URL: http://google.com/whatsnew
2024-09-16 16:26:10,328 - INFO - Discovered URL: http://google.com/wifi
2024-09-16 16:26:10,328 - INFO - Discovered URL: http://google.com/wml
2024-09-16 16:26:10,328 - INFO - Discovered URL: http://google.com/work
2024-09-16 16:26:10,328 - INFO - Discovered URL: http://google.com/xhtml
2024-09-16 16:29:13,283 - INFO - Logging started
2024-09-16 16:29:13,283 - INFO - Starting directory scan on URL: http://google.com
2024-09-16 16:29:48,483 - INFO - Discovered URL: http://google.com/.well-known/security.txt
2024-09-16 16:29:48,483 - INFO - Discovered URL: http://google.com/2001
2024-09-16 16:29:48,483 - INFO - Discovered URL: http://google.com/2002
2024-09-16 16:29:48,483 - INFO - Discovered URL: http://google.com/2003
2024-09-16 16:29:48,483 - INFO - Discovered URL: http://google.com/2004
2024-09-16 16:29:48,483 - INFO - Discovered URL: http://google.com/2005
2024-09-16 16:29:48,483 - INFO - Discovered URL: http://google.com/2006
2024-09-16 16:29:48,483 - INFO - Discovered URL: http://google.com/2007
2024-09-16 16:29:48,483 - INFO - Discovered URL: http://google.com/2008
2024-09-16 16:29:48,483 - INFO - Discovered URL: http://google.com/2009
2024-09-16 16:29:48,483 - INFO - Discovered URL: http://google.com/2010
2024-09-16 16:29:48,483 - INFO - Discovered URL: http://google.com/2011
2024-09-16 16:29:48,483 - INFO - Discovered URL: http://google.com/2012
2024-09-16 16:29:48,483 - INFO - Discovered URL: http://google.com/2013
2024-09-16 16:29:48,483 - INFO - Discovered URL: http://google.com/2014
2024-09-16 16:29:48,483 - INFO - Discovered URL: http://google.com/2015
2024-09-16 16:29:48,483 - INFO - Discovered URL: http://google.com/2016
2024-09-16 16:29:48,483 - INFO - Discovered URL: http://google.com/2017
2024-09-16 16:29:48,483 - INFO - Discovered URL: http://google.com/2018
2024-09-16 16:29:48,483 - INFO - Discovered URL: http://google.com/2019
2024-09-16 16:29:48,483 - INFO - Discovered URL: http://google.com/2020
2024-09-16 16:29:48,483 - INFO - Discovered URL: http://google.com/Research
2024-09-16 16:29:48,483 - INFO - Discovered URL: http://google.com/about
2024-09-16 16:29:48,483 - INFO - Discovered URL: http://google.com/accessibility
2024-09-16 16:29:48,483 - INFO - Discovered URL: http://google.com/account
2024-09-16 16:29:48,483 - INFO - Discovered URL: http://google.com/accounts
2024-09-16 16:29:48,483 - INFO - Discovered URL: http://google.com/activity
2024-09-16 16:29:48,483 - INFO - Discovered URL: http://google.com/ads
2024-09-16 16:29:48,483 - INFO - Discovered URL: http://google.com/advanced_search
2024-09-16 16:29:48,483 - INFO - Discovered URL: http://google.com/advertise
2024-09-16 16:29:48,483 - INFO - Discovered URL: http://google.com/advertisers
2024-09-16 16:29:48,483 - INFO - Discovered URL: http://google.com/advertising
2024-09-16 16:29:48,483 - INFO - Discovered URL: http://google.com/africa
2024-09-16 16:29:48,483 - INFO - Discovered URL: http://google.com/alerts
2024-09-16 16:29:48,483 - INFO - Discovered URL: http://google.com/analytics
2024-09-16 16:29:48,483 - INFO - Discovered URL: http://google.com/android
2024-09-16 16:29:48,483 - INFO - Discovered URL: http://google.com/answers
2024-09-16 16:29:48,483 - INFO - Discovered URL: http://google.com/apis
2024-09-16 16:29:48,483 - INFO - Discovered URL: http://google.com/apple-app-site-association
2024-09-16 16:29:48,483 - INFO - Discovered URL: http://google.com/appliance
2024-09-16 16:29:48,483 - INFO - Discovered URL: http://google.com/blocked
2024-09-16 16:29:48,483 - INFO - Discovered URL: http://google.com/blog
2024-09-16 16:29:48,483 - INFO - Discovered URL: http://google.com/blogger
2024-09-16 16:29:48,483 - INFO - Discovered URL: http://google.com/books
2024-09-16 16:29:48,483 - INFO - Discovered URL: http://google.com/business
2024-09-16 16:29:48,483 - INFO - Discovered URL: http://google.com/calendar
2024-09-16 16:29:48,483 - INFO - Discovered URL: http://google.com/careers
2024-09-16 16:29:48,483 - INFO - Discovered URL: http://google.com/cars
2024-09-16 16:29:48,483 - INFO - Discovered URL: http://google.com/chat
2024-09-16 16:29:48,483 - INFO - Discovered URL: http://google.com/chrome
2024-09-16 16:29:48,483 - INFO - Discovered URL: http://google.com/collection
2024-09-16 16:29:48,483 - INFO - Discovered URL: http://google.com/company
2024-09-16 16:29:48,491 - INFO - Discovered URL: http://google.com/compare
2024-09-16 16:29:48,491 - INFO - Discovered URL: http://google.com/contact
2024-09-16 16:29:48,491 - INFO - Discovered URL: http://google.com/contacts
2024-09-16 16:29:48,491 - INFO - Discovered URL: http://google.com/creditcards
2024-09-16 16:29:48,491 - INFO - Discovered URL: http://google.com/crossdomain.xml
2024-09-16 16:29:48,491 - INFO - Discovered URL: http://google.com/cse
2024-09-16 16:29:48,491 - INFO - Discovered URL: http://google.com/custom
2024-09-16 16:29:48,491 - INFO - Discovered URL: http://google.com/dashboard
2024-09-16 16:29:48,491 - INFO - Discovered URL: http://google.com/deleted
2024-09-16 16:29:48,491 - INFO - Discovered URL: http://google.com/design
2024-09-16 16:29:48,491 - INFO - Discovered URL: http://google.com/developer
2024-09-16 16:29:48,491 - INFO - Discovered URL: http://google.com/developers
2024-09-16 16:29:48,491 - INFO - Discovered URL: http://google.com/device
2024-09-16 16:29:48,491 - INFO - Discovered URL: http://google.com/devices
2024-09-16 16:29:48,491 - INFO - Discovered URL: http://google.com/docs
2024-09-16 16:29:48,491 - INFO - Discovered URL: http://google.com/domains
2024-09-16 16:29:48,491 - INFO - Discovered URL: http://google.com/doubleclick
2024-09-16 16:29:48,491 - INFO - Discovered URL: http://google.com/ebooks
2024-09-16 16:29:48,493 - INFO - Discovered URL: http://google.com/edu
2024-09-16 16:29:48,493 - INFO - Discovered URL: http://google.com/education
2024-09-16 16:29:48,493 - INFO - Discovered URL: http://google.com/enterprise
2024-09-16 16:29:48,493 - INFO - Discovered URL: http://google.com/favicon.ico
2024-09-16 16:29:48,493 - INFO - Discovered URL: http://google.com/fi
2024-09-16 16:29:48,493 - INFO - Discovered URL: http://google.com/finance
2024-09-16 16:29:48,493 - INFO - Discovered URL: http://google.com/firefox
2024-09-16 16:29:48,493 - INFO - Discovered URL: http://google.com/flights
2024-09-16 16:29:48,493 - INFO - Discovered URL: http://google.com/fonts
2024-09-16 16:29:48,493 - INFO - Discovered URL: http://google.com/forms
2024-09-16 16:29:48,493 - INFO - Discovered URL: http://google.com/fotos
2024-09-16 16:29:48,493 - INFO - Discovered URL: http://google.com/friends
2024-09-16 16:29:48,493 - INFO - Discovered URL: http://google.com/games
2024-09-16 16:29:48,493 - INFO - Discovered URL: http://google.com/grants
2024-09-16 16:29:48,493 - INFO - Discovered URL: http://google.com/green
2024-09-16 16:29:48,493 - INFO - Discovered URL: http://google.com/groups
2024-09-16 16:29:48,493 - INFO - Discovered URL: http://google.com/health
2024-09-16 16:29:48,493 - INFO - Discovered URL: http://google.com/hire
2024-09-16 16:29:48,493 - INFO - Discovered URL: http://google.com/history
2024-09-16 16:29:48,493 - INFO - Discovered URL: http://google.com/home
2024-09-16 16:29:48,493 - INFO - Discovered URL: http://google.com/homepage
2024-09-16 16:29:48,493 - INFO - Discovered URL: http://google.com/hosted
2024-09-16 16:29:48,493 - INFO - Discovered URL: http://google.com/hotels
2024-09-16 16:29:48,493 - INFO - Discovered URL: http://google.com/humans.txt
2024-09-16 16:29:48,493 - INFO - Discovered URL: http://google.com/ideas
2024-09-16 16:29:48,493 - INFO - Discovered URL: http://google.com/ie
2024-09-16 16:29:48,493 - INFO - Discovered URL: http://google.com/ig
2024-09-16 16:29:48,493 - INFO - Discovered URL: http://google.com/images
2024-09-16 16:29:48,493 - INFO - Discovered URL: http://google.com/inbox
2024-09-16 16:29:48,493 - INFO - Discovered URL: http://google.com/index.html
2024-09-16 16:29:48,493 - INFO - Discovered URL: http://google.com/jigsaw
2024-09-16 16:29:48,493 - INFO - Discovered URL: http://google.com/jobs
2024-09-16 16:29:48,493 - INFO - Discovered URL: http://google.com/jump
2024-09-16 16:29:48,493 - INFO - Discovered URL: http://google.com/keep
2024-09-16 16:29:48,493 - INFO - Discovered URL: http://google.com/labs
2024-09-16 16:29:48,493 - INFO - Discovered URL: http://google.com/logos
2024-09-16 16:29:48,493 - INFO - Discovered URL: http://google.com/m
2024-09-16 16:29:48,493 - INFO - Discovered URL: http://google.com/mail
2024-09-16 16:29:48,493 - INFO - Discovered URL: http://google.com/manifest
2024-09-16 16:29:48,493 - INFO - Discovered URL: http://google.com/manufacturers
2024-09-16 16:29:48,493 - INFO - Discovered URL: http://google.com/mini
2024-09-16 16:29:48,493 - INFO - Discovered URL: http://google.com/mobile
2024-09-16 16:29:48,493 - INFO - Discovered URL: http://google.com/moderator
2024-09-16 16:29:48,493 - INFO - Discovered URL: http://google.com/movies
2024-09-16 16:29:48,493 - INFO - Discovered URL: http://google.com/music
2024-09-16 16:29:48,493 - INFO - Discovered URL: http://google.com/myaccount
2024-09-16 16:29:48,493 - INFO - Discovered URL: http://google.com/navigation
2024-09-16 16:29:48,493 - INFO - Discovered URL: http://google.com/news
2024-09-16 16:29:48,493 - INFO - Discovered URL: http://google.com/offers
2024-09-16 16:29:48,493 - INFO - Discovered URL: http://google.com/on
2024-09-16 16:29:48,493 - INFO - Discovered URL: http://google.com/opensource
2024-09-16 16:29:48,493 - INFO - Discovered URL: http://google.com/partners
2024-09-16 16:29:48,493 - INFO - Discovered URL: http://google.com/password
2024-09-16 16:29:48,493 - INFO - Discovered URL: http://google.com/passwords
2024-09-16 16:29:48,493 - INFO - Discovered URL: http://google.com/patents
2024-09-16 16:29:48,493 - INFO - Discovered URL: http://google.com/pay
2024-09-16 16:29:48,493 - INFO - Discovered URL: http://google.com/payments
2024-09-16 16:29:48,493 - INFO - Discovered URL: http://google.com/pda
2024-09-16 16:29:48,493 - INFO - Discovered URL: http://google.com/phone
2024-09-16 16:29:48,493 - INFO - Discovered URL: http://google.com/phones
2024-09-16 16:29:48,493 - INFO - Discovered URL: http://google.com/photos
2024-09-16 16:29:48,493 - INFO - Discovered URL: http://google.com/pixel
2024-09-16 16:29:48,493 - INFO - Discovered URL: http://google.com/places
2024-09-16 16:29:48,493 - INFO - Discovered URL: http://google.com/play
2024-09-16 16:29:48,493 - INFO - Discovered URL: http://google.com/policies
2024-09-16 16:29:48,493 - INFO - Discovered URL: http://google.com/preferences
2024-09-16 16:29:48,493 - INFO - Discovered URL: http://google.com/press
2024-09-16 16:29:48,493 - INFO - Discovered URL: http://google.com/privacy
2024-09-16 16:29:48,493 - INFO - Discovered URL: http://google.com/privacypolicy
2024-09-16 16:29:48,493 - INFO - Discovered URL: http://google.com/publications
2024-09-16 16:29:48,493 - INFO - Discovered URL: http://google.com/publisher
2024-09-16 16:29:48,493 - INFO - Discovered URL: http://google.com/recovery
2024-09-16 16:29:48,493 - INFO - Discovered URL: http://google.com/related
2024-09-16 16:29:48,493 - INFO - Discovered URL: http://google.com/reporting
2024-09-16 16:29:48,493 - INFO - Discovered URL: http://google.com/research
2024-09-16 16:29:48,493 - INFO - Discovered URL: http://google.com/retail
2024-09-16 16:29:48,493 - INFO - Discovered URL: http://google.com/robots.txt
2024-09-16 16:29:48,493 - INFO - Discovered URL: http://google.com/save
2024-09-16 16:29:48,493 - INFO - Discovered URL: http://google.com/saved
2024-09-16 16:29:48,493 - INFO - Discovered URL: http://google.com/saves
2024-09-16 16:29:48,493 - INFO - Discovered URL: http://google.com/script
2024-09-16 16:29:48,493 - INFO - Discovered URL: http://google.com/search
2024-09-16 16:29:48,493 - INFO - Discovered URL: http://google.com/security
2024-09-16 16:29:48,493 - INFO - Discovered URL: http://google.com/services
2024-09-16 16:29:48,493 - INFO - Discovered URL: http://google.com/shopping
2024-09-16 16:29:48,493 - INFO - Discovered URL: http://google.com/sitemap.xml
2024-09-16 16:29:48,493 - INFO - Discovered URL: http://google.com/sitemaps
2024-09-16 16:29:48,493 - INFO - Discovered URL: http://google.com/sites
2024-09-16 16:29:48,493 - INFO - Discovered URL: http://google.com/sitesearch
2024-09-16 16:29:48,503 - INFO - Discovered URL: http://google.com/slides
2024-09-16 16:29:48,503 - INFO - Discovered URL: http://google.com/sms
2024-09-16 16:29:48,503 - INFO - Discovered URL: http://google.com/store
2024-09-16 16:29:48,503 - INFO - Discovered URL: http://google.com/student
2024-09-16 16:29:48,503 - INFO - Discovered URL: http://google.com/students
2024-09-16 16:29:48,503 - INFO - Discovered URL: http://google.com/support
2024-09-16 16:29:48,503 - INFO - Discovered URL: http://google.com/survey
2024-09-16 16:29:48,503 - INFO - Discovered URL: http://google.com/surveys
2024-09-16 16:29:48,503 - INFO - Discovered URL: http://google.com/tags
2024-09-16 16:29:48,503 - INFO - Discovered URL: http://google.com/talk
2024-09-16 16:29:48,503 - INFO - Discovered URL: http://google.com/technology
2024-09-16 16:29:48,503 - INFO - Discovered URL: http://google.com/toolbar
2024-09-16 16:29:48,503 - INFO - Discovered URL: http://google.com/tools
2024-09-16 16:29:48,503 - INFO - Discovered URL: http://google.com/translate
2024-09-16 16:29:48,503 - INFO - Discovered URL: http://google.com/travel
2024-09-16 16:29:48,503 - INFO - Discovered URL: http://google.com/trends
2024-09-16 16:29:48,503 - INFO - Discovered URL: http://google.com/tv
2024-09-16 16:29:48,503 - INFO - Discovered URL: http://google.com/video
2024-09-16 16:29:48,503 - INFO - Discovered URL: http://google.com/views
2024-09-16 16:29:48,503 - INFO - Discovered URL: http://google.com/webmaster
2024-09-16 16:29:48,503 - INFO - Discovered URL: http://google.com/webmasters
2024-09-16 16:29:48,503 - INFO - Discovered URL: http://google.com/whatsnew
2024-09-16 16:29:48,503 - INFO - Discovered URL: http://google.com/wifi
2024-09-16 16:29:48,503 - INFO - Discovered URL: http://google.com/wml
2024-09-16 16:29:48,503 - INFO - Discovered URL: http://google.com/work
2024-09-16 16:29:48,503 - INFO - Discovered URL: http://google.com/xhtml
2024-09-16 16:34:24,931 - INFO - Logging started
2024-09-16 16:34:24,939 - INFO - Scanning domain: google.com | IP Address: 216.58.214.174
2024-09-16 16:34:24,939 - INFO - Starting directory scan on URL: http://google.com
2024-09-16 16:34:57,810 - INFO - Discovered URL: http://google.com/.well-known/security.txt
2024-09-16 16:34:57,810 - INFO - Discovered URL: http://google.com/2001
2024-09-16 16:34:57,810 - INFO - Discovered URL: http://google.com/2002
2024-09-16 16:34:57,810 - INFO - Discovered URL: http://google.com/2003
2024-09-16 16:34:57,810 - INFO - Discovered URL: http://google.com/2004
2024-09-16 16:34:57,810 - INFO - Discovered URL: http://google.com/2005
2024-09-16 16:34:57,810 - INFO - Discovered URL: http://google.com/2006
2024-09-16 16:34:57,810 - INFO - Discovered URL: http://google.com/2007
2024-09-16 16:34:57,810 - INFO - Discovered URL: http://google.com/2008
2024-09-16 16:34:57,810 - INFO - Discovered URL: http://google.com/2009
2024-09-16 16:34:57,810 - INFO - Discovered URL: http://google.com/2010
2024-09-16 16:34:57,814 - INFO - Discovered URL: http://google.com/2011
2024-09-16 16:34:57,814 - INFO - Discovered URL: http://google.com/2012
2024-09-16 16:34:57,814 - INFO - Discovered URL: http://google.com/2013
2024-09-16 16:34:57,814 - INFO - Discovered URL: http://google.com/2014
2024-09-16 16:34:57,814 - INFO - Discovered URL: http://google.com/2015
2024-09-16 16:34:57,814 - INFO - Discovered URL: http://google.com/2016
2024-09-16 16:34:57,814 - INFO - Discovered URL: http://google.com/2017
2024-09-16 16:34:57,814 - INFO - Discovered URL: http://google.com/2018
2024-09-16 16:34:57,814 - INFO - Discovered URL: http://google.com/2019
2024-09-16 16:34:57,814 - INFO - Discovered URL: http://google.com/2020
2024-09-16 16:34:57,814 - INFO - Discovered URL: http://google.com/Research
2024-09-16 16:34:57,814 - INFO - Discovered URL: http://google.com/about
2024-09-16 16:34:57,814 - INFO - Discovered URL: http://google.com/accessibility
2024-09-16 16:34:57,814 - INFO - Discovered URL: http://google.com/account
2024-09-16 16:34:57,814 - INFO - Discovered URL: http://google.com/accounts
2024-09-16 16:34:57,814 - INFO - Discovered URL: http://google.com/activity
2024-09-16 16:34:57,814 - INFO - Discovered URL: http://google.com/ads
2024-09-16 16:34:57,814 - INFO - Discovered URL: http://google.com/advanced_search
2024-09-16 16:34:57,814 - INFO - Discovered URL: http://google.com/advertise
2024-09-16 16:34:57,814 - INFO - Discovered URL: http://google.com/advertisers
2024-09-16 16:34:57,814 - INFO - Discovered URL: http://google.com/advertising
2024-09-16 16:34:57,814 - INFO - Discovered URL: http://google.com/africa
2024-09-16 16:34:57,814 - INFO - Discovered URL: http://google.com/alerts
2024-09-16 16:34:57,814 - INFO - Discovered URL: http://google.com/analytics
2024-09-16 16:34:57,814 - INFO - Discovered URL: http://google.com/android
2024-09-16 16:34:57,814 - INFO - Discovered URL: http://google.com/answers
2024-09-16 16:34:57,814 - INFO - Discovered URL: http://google.com/apis
2024-09-16 16:34:57,814 - INFO - Discovered URL: http://google.com/apple-app-site-association
2024-09-16 16:34:57,814 - INFO - Discovered URL: http://google.com/appliance
2024-09-16 16:34:57,814 - INFO - Discovered URL: http://google.com/blocked
2024-09-16 16:34:57,814 - INFO - Discovered URL: http://google.com/blog
2024-09-16 16:34:57,814 - INFO - Discovered URL: http://google.com/blogger
2024-09-16 16:34:57,814 - INFO - Discovered URL: http://google.com/books
2024-09-16 16:34:57,814 - INFO - Discovered URL: http://google.com/business
2024-09-16 16:34:57,814 - INFO - Discovered URL: http://google.com/calendar
2024-09-16 16:34:57,814 - INFO - Discovered URL: http://google.com/careers
2024-09-16 16:34:57,814 - INFO - Discovered URL: http://google.com/cars
2024-09-16 16:34:57,814 - INFO - Discovered URL: http://google.com/chat
2024-09-16 16:34:57,814 - INFO - Discovered URL: http://google.com/chrome
2024-09-16 16:34:57,814 - INFO - Discovered URL: http://google.com/collection
2024-09-16 16:34:57,814 - INFO - Discovered URL: http://google.com/company
2024-09-16 16:34:57,814 - INFO - Discovered URL: http://google.com/compare
2024-09-16 16:34:57,814 - INFO - Discovered URL: http://google.com/contact
2024-09-16 16:34:57,814 - INFO - Discovered URL: http://google.com/contacts
2024-09-16 16:34:57,814 - INFO - Discovered URL: http://google.com/creditcards
2024-09-16 16:34:57,814 - INFO - Discovered URL: http://google.com/crossdomain.xml
2024-09-16 16:34:57,814 - INFO - Discovered URL: http://google.com/cse
2024-09-16 16:34:57,814 - INFO - Discovered URL: http://google.com/custom
2024-09-16 16:34:57,814 - INFO - Discovered URL: http://google.com/dashboard
2024-09-16 16:34:57,814 - INFO - Discovered URL: http://google.com/deleted
2024-09-16 16:34:57,820 - INFO - Discovered URL: http://google.com/design
2024-09-16 16:34:57,820 - INFO - Discovered URL: http://google.com/developer
2024-09-16 16:34:57,820 - INFO - Discovered URL: http://google.com/developers
2024-09-16 16:34:57,820 - INFO - Discovered URL: http://google.com/device
2024-09-16 16:34:57,820 - INFO - Discovered URL: http://google.com/devices
2024-09-16 16:34:57,820 - INFO - Discovered URL: http://google.com/docs
2024-09-16 16:34:57,820 - INFO - Discovered URL: http://google.com/domains
2024-09-16 16:34:57,820 - INFO - Discovered URL: http://google.com/doubleclick
2024-09-16 16:34:57,820 - INFO - Discovered URL: http://google.com/ebooks
2024-09-16 16:34:57,820 - INFO - Discovered URL: http://google.com/edu
2024-09-16 16:34:57,820 - INFO - Discovered URL: http://google.com/education
2024-09-16 16:34:57,820 - INFO - Discovered URL: http://google.com/enterprise
2024-09-16 16:34:57,820 - INFO - Discovered URL: http://google.com/favicon.ico
2024-09-16 16:34:57,820 - INFO - Discovered URL: http://google.com/fi
2024-09-16 16:34:57,820 - INFO - Discovered URL: http://google.com/finance
2024-09-16 16:34:57,820 - INFO - Discovered URL: http://google.com/firefox
2024-09-16 16:34:57,820 - INFO - Discovered URL: http://google.com/flights
2024-09-16 16:34:57,820 - INFO - Discovered URL: http://google.com/fonts
2024-09-16 16:34:57,820 - INFO - Discovered URL: http://google.com/forms
2024-09-16 16:34:57,820 - INFO - Discovered URL: http://google.com/fotos
2024-09-16 16:34:57,820 - INFO - Discovered URL: http://google.com/friends
2024-09-16 16:34:57,820 - INFO - Discovered URL: http://google.com/games
2024-09-16 16:34:57,820 - INFO - Discovered URL: http://google.com/grants
2024-09-16 16:34:57,820 - INFO - Discovered URL: http://google.com/green
2024-09-16 16:34:57,820 - INFO - Discovered URL: http://google.com/groups
2024-09-16 16:34:57,820 - INFO - Discovered URL: http://google.com/health
2024-09-16 16:34:57,820 - INFO - Discovered URL: http://google.com/hire
2024-09-16 16:34:57,820 - INFO - Discovered URL: http://google.com/history
2024-09-16 16:34:57,820 - INFO - Discovered URL: http://google.com/home
2024-09-16 16:34:57,820 - INFO - Discovered URL: http://google.com/homepage
2024-09-16 16:34:57,820 - INFO - Discovered URL: http://google.com/hosted
2024-09-16 16:34:57,820 - INFO - Discovered URL: http://google.com/hotels
2024-09-16 16:34:57,820 - INFO - Discovered URL: http://google.com/humans.txt
2024-09-16 16:34:57,820 - INFO - Discovered URL: http://google.com/ideas
2024-09-16 16:34:57,820 - INFO - Discovered URL: http://google.com/ie
2024-09-16 16:34:57,820 - INFO - Discovered URL: http://google.com/ig
2024-09-16 16:34:57,820 - INFO - Discovered URL: http://google.com/images
2024-09-16 16:34:57,820 - INFO - Discovered URL: http://google.com/inbox
2024-09-16 16:34:57,820 - INFO - Discovered URL: http://google.com/index.html
2024-09-16 16:34:57,820 - INFO - Discovered URL: http://google.com/jigsaw
2024-09-16 16:34:57,820 - INFO - Discovered URL: http://google.com/jobs
2024-09-16 16:34:57,820 - INFO - Discovered URL: http://google.com/jump
2024-09-16 16:34:57,820 - INFO - Discovered URL: http://google.com/keep
2024-09-16 16:34:57,820 - INFO - Discovered URL: http://google.com/labs
2024-09-16 16:34:57,820 - INFO - Discovered URL: http://google.com/logos
2024-09-16 16:34:57,820 - INFO - Discovered URL: http://google.com/m
2024-09-16 16:34:57,820 - INFO - Discovered URL: http://google.com/mail
2024-09-16 16:34:57,820 - INFO - Discovered URL: http://google.com/manifest
2024-09-16 16:34:57,820 - INFO - Discovered URL: http://google.com/manufacturers
2024-09-16 16:34:57,820 - INFO - Discovered URL: http://google.com/mini
2024-09-16 16:34:57,820 - INFO - Discovered URL: http://google.com/mobile
2024-09-16 16:34:57,820 - INFO - Discovered URL: http://google.com/moderator
2024-09-16 16:34:57,820 - INFO - Discovered URL: http://google.com/movies
2024-09-16 16:34:57,820 - INFO - Discovered URL: http://google.com/music
2024-09-16 16:34:57,820 - INFO - Discovered URL: http://google.com/myaccount
2024-09-16 16:34:57,820 - INFO - Discovered URL: http://google.com/navigation
2024-09-16 16:34:57,820 - INFO - Discovered URL: http://google.com/news
2024-09-16 16:34:57,820 - INFO - Discovered URL: http://google.com/offers
2024-09-16 16:34:57,820 - INFO - Discovered URL: http://google.com/on
2024-09-16 16:34:57,820 - INFO - Discovered URL: http://google.com/opensource
2024-09-16 16:34:57,820 - INFO - Discovered URL: http://google.com/partners
2024-09-16 16:34:57,820 - INFO - Discovered URL: http://google.com/password
2024-09-16 16:34:57,820 - INFO - Discovered URL: http://google.com/passwords
2024-09-16 16:34:57,820 - INFO - Discovered URL: http://google.com/patents
2024-09-16 16:34:57,820 - INFO - Discovered URL: http://google.com/pay
2024-09-16 16:34:57,820 - INFO - Discovered URL: http://google.com/payments
2024-09-16 16:34:57,820 - INFO - Discovered URL: http://google.com/pda
2024-09-16 16:34:57,820 - INFO - Discovered URL: http://google.com/phone
2024-09-16 16:34:57,820 - INFO - Discovered URL: http://google.com/phones
2024-09-16 16:34:57,820 - INFO - Discovered URL: http://google.com/photos
2024-09-16 16:34:57,820 - INFO - Discovered URL: http://google.com/pixel
2024-09-16 16:34:57,820 - INFO - Discovered URL: http://google.com/places
2024-09-16 16:34:57,820 - INFO - Discovered URL: http://google.com/play
2024-09-16 16:34:57,820 - INFO - Discovered URL: http://google.com/policies
2024-09-16 16:34:57,820 - INFO - Discovered URL: http://google.com/preferences
2024-09-16 16:34:57,820 - INFO - Discovered URL: http://google.com/press
2024-09-16 16:34:57,820 - INFO - Discovered URL: http://google.com/privacy
2024-09-16 16:34:57,820 - INFO - Discovered URL: http://google.com/privacypolicy
2024-09-16 16:34:57,820 - INFO - Discovered URL: http://google.com/publications
2024-09-16 16:34:57,820 - INFO - Discovered URL: http://google.com/publisher
2024-09-16 16:34:57,820 - INFO - Discovered URL: http://google.com/recovery
2024-09-16 16:34:57,820 - INFO - Discovered URL: http://google.com/related
2024-09-16 16:34:57,820 - INFO - Discovered URL: http://google.com/reporting
2024-09-16 16:34:57,820 - INFO - Discovered URL: http://google.com/research
2024-09-16 16:34:57,820 - INFO - Discovered URL: http://google.com/retail
2024-09-16 16:34:57,820 - INFO - Discovered URL: http://google.com/robots.txt
2024-09-16 16:34:57,820 - INFO - Discovered URL: http://google.com/save
2024-09-16 16:34:57,820 - INFO - Discovered URL: http://google.com/saved
2024-09-16 16:34:57,820 - INFO - Discovered URL: http://google.com/saves
2024-09-16 16:34:57,820 - INFO - Discovered URL: http://google.com/script
2024-09-16 16:34:57,820 - INFO - Discovered URL: http://google.com/search
2024-09-16 16:34:57,820 - INFO - Discovered URL: http://google.com/security
2024-09-16 16:34:57,820 - INFO - Discovered URL: http://google.com/services
2024-09-16 16:34:57,820 - INFO - Discovered URL: http://google.com/shopping
2024-09-16 16:34:57,820 - INFO - Discovered URL: http://google.com/sitemap.xml
2024-09-16 16:34:57,820 - INFO - Discovered URL: http://google.com/sitemaps
2024-09-16 16:34:57,820 - INFO - Discovered URL: http://google.com/sites
2024-09-16 16:34:57,820 - INFO - Discovered URL: http://google.com/sitesearch
2024-09-16 16:34:57,820 - INFO - Discovered URL: http://google.com/slides
2024-09-16 16:34:57,820 - INFO - Discovered URL: http://google.com/sms
2024-09-16 16:34:57,830 - INFO - Discovered URL: http://google.com/store
2024-09-16 16:34:57,830 - INFO - Discovered URL: http://google.com/student
2024-09-16 16:34:57,830 - INFO - Discovered URL: http://google.com/students
2024-09-16 16:34:57,830 - INFO - Discovered URL: http://google.com/support
2024-09-16 16:34:57,830 - INFO - Discovered URL: http://google.com/survey
2024-09-16 16:34:57,830 - INFO - Discovered URL: http://google.com/surveys
2024-09-16 16:34:57,830 - INFO - Discovered URL: http://google.com/tags
2024-09-16 16:34:57,830 - INFO - Discovered URL: http://google.com/talk
2024-09-16 16:34:57,830 - INFO - Discovered URL: http://google.com/technology
2024-09-16 16:34:57,830 - INFO - Discovered URL: http://google.com/toolbar
2024-09-16 16:34:57,830 - INFO - Discovered URL: http://google.com/tools
2024-09-16 16:34:57,830 - INFO - Discovered URL: http://google.com/translate
2024-09-16 16:34:57,830 - INFO - Discovered URL: http://google.com/travel
2024-09-16 16:34:57,830 - INFO - Discovered URL: http://google.com/trends
2024-09-16 16:34:57,830 - INFO - Discovered URL: http://google.com/tv
2024-09-16 16:34:57,830 - INFO - Discovered URL: http://google.com/video
2024-09-16 16:34:57,830 - INFO - Discovered URL: http://google.com/views
2024-09-16 16:34:57,830 - INFO - Discovered URL: http://google.com/webmaster
2024-09-16 16:34:57,830 - INFO - Discovered URL: http://google.com/webmasters
2024-09-16 16:34:57,830 - INFO - Discovered URL: http://google.com/whatsnew
2024-09-16 16:34:57,830 - INFO - Discovered URL: http://google.com/wifi
2024-09-16 16:34:57,830 - INFO - Discovered URL: http://google.com/wml
2024-09-16 16:34:57,830 - INFO - Discovered URL: http://google.com/work
2024-09-16 16:34:57,830 - INFO - Discovered URL: http://google.com/xhtml
2024-09-16 16:35:16,088 - INFO - Logging started
2024-09-16 16:35:16,092 - INFO - Scanning domain: google.com | IP Address: 216.58.214.174
2024-09-16 16:35:16,092 - INFO - Starting directory scan on URL: http://google.com
2024-09-16 16:35:50,044 - INFO - Logging started
2024-09-16 16:35:50,044 - INFO - Scanning domain: google.com | IP Address: 216.58.214.174
2024-09-16 16:35:50,044 - INFO - Starting directory scan on URL: http://google.com
2024-09-16 16:36:23,442 - INFO - Discovered URL: http://google.com/.well-known/security.txt
2024-09-16 16:36:23,442 - INFO - Discovered URL: http://google.com/2001
2024-09-16 16:36:23,442 - INFO - Discovered URL: http://google.com/2002
2024-09-16 16:36:23,442 - INFO - Discovered URL: http://google.com/2003
2024-09-16 16:36:23,442 - INFO - Discovered URL: http://google.com/2004
2024-09-16 16:36:23,442 - INFO - Discovered URL: http://google.com/2005
2024-09-16 16:36:23,442 - INFO - Discovered URL: http://google.com/2006
2024-09-16 16:36:23,442 - INFO - Discovered URL: http://google.com/2007
2024-09-16 16:36:23,442 - INFO - Discovered URL: http://google.com/2008
2024-09-16 16:36:23,442 - INFO - Discovered URL: http://google.com/2009
2024-09-16 16:36:23,442 - INFO - Discovered URL: http://google.com/2010
2024-09-16 16:36:23,442 - INFO - Discovered URL: http://google.com/2011
2024-09-16 16:36:23,442 - INFO - Discovered URL: http://google.com/2012
2024-09-16 16:36:23,442 - INFO - Discovered URL: http://google.com/2013
2024-09-16 16:36:23,442 - INFO - Discovered URL: http://google.com/2014
2024-09-16 16:36:23,442 - INFO - Discovered URL: http://google.com/2015
2024-09-16 16:36:23,442 - INFO - Discovered URL: http://google.com/2016
2024-09-16 16:36:23,442 - INFO - Discovered URL: http://google.com/2017
2024-09-16 16:36:23,442 - INFO - Discovered URL: http://google.com/2018
2024-09-16 16:36:23,442 - INFO - Discovered URL: http://google.com/2019
2024-09-16 16:36:23,442 - INFO - Discovered URL: http://google.com/2020
2024-09-16 16:36:23,442 - INFO - Discovered URL: http://google.com/Research
2024-09-16 16:36:23,442 - INFO - Discovered URL: http://google.com/about
2024-09-16 16:36:23,442 - INFO - Discovered URL: http://google.com/accessibility
2024-09-16 16:36:23,442 - INFO - Discovered URL: http://google.com/account
2024-09-16 16:36:23,442 - INFO - Discovered URL: http://google.com/accounts
2024-09-16 16:36:23,442 - INFO - Discovered URL: http://google.com/activity
2024-09-16 16:36:23,442 - INFO - Discovered URL: http://google.com/ads
2024-09-16 16:36:23,442 - INFO - Discovered URL: http://google.com/advanced_search
2024-09-16 16:36:23,442 - INFO - Discovered URL: http://google.com/advertise
2024-09-16 16:36:23,442 - INFO - Discovered URL: http://google.com/advertisers
2024-09-16 16:36:23,442 - INFO - Discovered URL: http://google.com/advertising
2024-09-16 16:36:23,442 - INFO - Discovered URL: http://google.com/africa
2024-09-16 16:36:23,442 - INFO - Discovered URL: http://google.com/alerts
2024-09-16 16:36:23,442 - INFO - Discovered URL: http://google.com/analytics
2024-09-16 16:36:23,442 - INFO - Discovered URL: http://google.com/android
2024-09-16 16:36:23,442 - INFO - Discovered URL: http://google.com/answers
2024-09-16 16:36:23,442 - INFO - Discovered URL: http://google.com/apis
2024-09-16 16:36:23,442 - INFO - Discovered URL: http://google.com/apple-app-site-association
2024-09-16 16:36:23,442 - INFO - Discovered URL: http://google.com/appliance
2024-09-16 16:36:23,442 - INFO - Discovered URL: http://google.com/blocked
2024-09-16 16:36:23,442 - INFO - Discovered URL: http://google.com/blog
2024-09-16 16:36:23,442 - INFO - Discovered URL: http://google.com/blogger
2024-09-16 16:36:23,442 - INFO - Discovered URL: http://google.com/books
2024-09-16 16:36:23,442 - INFO - Discovered URL: http://google.com/business
2024-09-16 16:36:23,442 - INFO - Discovered URL: http://google.com/calendar
2024-09-16 16:36:23,442 - INFO - Discovered URL: http://google.com/careers
2024-09-16 16:36:23,442 - INFO - Discovered URL: http://google.com/cars
2024-09-16 16:36:23,442 - INFO - Discovered URL: http://google.com/chat
2024-09-16 16:36:23,442 - INFO - Discovered URL: http://google.com/chrome
2024-09-16 16:36:23,442 - INFO - Discovered URL: http://google.com/collection
2024-09-16 16:36:23,442 - INFO - Discovered URL: http://google.com/company
2024-09-16 16:36:23,442 - INFO - Discovered URL: http://google.com/compare
2024-09-16 16:36:23,442 - INFO - Discovered URL: http://google.com/contact
2024-09-16 16:36:23,442 - INFO - Discovered URL: http://google.com/contacts
2024-09-16 16:36:23,442 - INFO - Discovered URL: http://google.com/creditcards
2024-09-16 16:36:23,442 - INFO - Discovered URL: http://google.com/crossdomain.xml
2024-09-16 16:36:23,442 - INFO - Discovered URL: http://google.com/cse
2024-09-16 16:36:23,452 - INFO - Discovered URL: http://google.com/custom
2024-09-16 16:36:23,452 - INFO - Discovered URL: http://google.com/dashboard
2024-09-16 16:36:23,452 - INFO - Discovered URL: http://google.com/deleted
2024-09-16 16:36:23,452 - INFO - Discovered URL: http://google.com/design
2024-09-16 16:36:23,452 - INFO - Discovered URL: http://google.com/developer
2024-09-16 16:36:23,452 - INFO - Discovered URL: http://google.com/developers
2024-09-16 16:36:23,452 - INFO - Discovered URL: http://google.com/device
2024-09-16 16:36:23,452 - INFO - Discovered URL: http://google.com/devices
2024-09-16 16:36:23,452 - INFO - Discovered URL: http://google.com/docs
2024-09-16 16:36:23,452 - INFO - Discovered URL: http://google.com/domains
2024-09-16 16:36:23,452 - INFO - Discovered URL: http://google.com/doubleclick
2024-09-16 16:36:23,452 - INFO - Discovered URL: http://google.com/ebooks
2024-09-16 16:36:23,452 - INFO - Discovered URL: http://google.com/edu
2024-09-16 16:36:23,452 - INFO - Discovered URL: http://google.com/education
2024-09-16 16:36:23,452 - INFO - Discovered URL: http://google.com/enterprise
2024-09-16 16:36:23,452 - INFO - Discovered URL: http://google.com/favicon.ico
2024-09-16 16:36:23,452 - INFO - Discovered URL: http://google.com/fi
2024-09-16 16:36:23,452 - INFO - Discovered URL: http://google.com/finance
2024-09-16 16:36:23,452 - INFO - Discovered URL: http://google.com/firefox
2024-09-16 16:36:23,452 - INFO - Discovered URL: http://google.com/flights
2024-09-16 16:36:23,452 - INFO - Discovered URL: http://google.com/fonts
2024-09-16 16:36:23,452 - INFO - Discovered URL: http://google.com/forms
2024-09-16 16:36:23,452 - INFO - Discovered URL: http://google.com/fotos
2024-09-16 16:36:23,452 - INFO - Discovered URL: http://google.com/friends
2024-09-16 16:36:23,452 - INFO - Discovered URL: http://google.com/games
2024-09-16 16:36:23,452 - INFO - Discovered URL: http://google.com/grants
2024-09-16 16:36:23,452 - INFO - Discovered URL: http://google.com/green
2024-09-16 16:36:23,452 - INFO - Discovered URL: http://google.com/groups
2024-09-16 16:36:23,452 - INFO - Discovered URL: http://google.com/health
2024-09-16 16:36:23,452 - INFO - Discovered URL: http://google.com/hire
2024-09-16 16:36:23,452 - INFO - Discovered URL: http://google.com/history
2024-09-16 16:36:23,452 - INFO - Discovered URL: http://google.com/home
2024-09-16 16:36:23,452 - INFO - Discovered URL: http://google.com/homepage
2024-09-16 16:36:23,452 - INFO - Discovered URL: http://google.com/hosted
2024-09-16 16:36:23,452 - INFO - Discovered URL: http://google.com/hotels
2024-09-16 16:36:23,452 - INFO - Discovered URL: http://google.com/humans.txt
2024-09-16 16:36:23,452 - INFO - Discovered URL: http://google.com/ideas
2024-09-16 16:36:23,452 - INFO - Discovered URL: http://google.com/ie
2024-09-16 16:36:23,452 - INFO - Discovered URL: http://google.com/ig
2024-09-16 16:36:23,452 - INFO - Discovered URL: http://google.com/images
2024-09-16 16:36:23,452 - INFO - Discovered URL: http://google.com/inbox
2024-09-16 16:36:23,452 - INFO - Discovered URL: http://google.com/index.html
2024-09-16 16:36:23,452 - INFO - Discovered URL: http://google.com/jigsaw
2024-09-16 16:36:23,452 - INFO - Discovered URL: http://google.com/jobs
2024-09-16 16:36:23,452 - INFO - Discovered URL: http://google.com/jump
2024-09-16 16:36:23,452 - INFO - Discovered URL: http://google.com/keep
2024-09-16 16:36:23,452 - INFO - Discovered URL: http://google.com/labs
2024-09-16 16:36:23,452 - INFO - Discovered URL: http://google.com/logos
2024-09-16 16:36:23,452 - INFO - Discovered URL: http://google.com/m
2024-09-16 16:36:23,452 - INFO - Discovered URL: http://google.com/mail
2024-09-16 16:36:23,452 - INFO - Discovered URL: http://google.com/manifest
2024-09-16 16:36:23,452 - INFO - Discovered URL: http://google.com/manufacturers
2024-09-16 16:36:23,452 - INFO - Discovered URL: http://google.com/mini
2024-09-16 16:36:23,452 - INFO - Discovered URL: http://google.com/mobile
2024-09-16 16:36:23,452 - INFO - Discovered URL: http://google.com/moderator
2024-09-16 16:36:23,452 - INFO - Discovered URL: http://google.com/movies
2024-09-16 16:36:23,452 - INFO - Discovered URL: http://google.com/music
2024-09-16 16:36:23,452 - INFO - Discovered URL: http://google.com/myaccount
2024-09-16 16:36:23,452 - INFO - Discovered URL: http://google.com/navigation
2024-09-16 16:36:23,452 - INFO - Discovered URL: http://google.com/news
2024-09-16 16:36:23,452 - INFO - Discovered URL: http://google.com/offers
2024-09-16 16:36:23,452 - INFO - Discovered URL: http://google.com/on
2024-09-16 16:36:23,452 - INFO - Discovered URL: http://google.com/opensource
2024-09-16 16:36:23,452 - INFO - Discovered URL: http://google.com/partners
2024-09-16 16:36:23,452 - INFO - Discovered URL: http://google.com/password
2024-09-16 16:36:23,452 - INFO - Discovered URL: http://google.com/passwords
2024-09-16 16:36:23,452 - INFO - Discovered URL: http://google.com/patents
2024-09-16 16:36:23,452 - INFO - Discovered URL: http://google.com/pay
2024-09-16 16:36:23,452 - INFO - Discovered URL: http://google.com/payments
2024-09-16 16:36:23,452 - INFO - Discovered URL: http://google.com/pda
2024-09-16 16:36:23,452 - INFO - Discovered URL: http://google.com/phone
2024-09-16 16:36:23,452 - INFO - Discovered URL: http://google.com/phones
2024-09-16 16:36:23,452 - INFO - Discovered URL: http://google.com/photos
2024-09-16 16:36:23,452 - INFO - Discovered URL: http://google.com/pixel
2024-09-16 16:36:23,452 - INFO - Discovered URL: http://google.com/places
2024-09-16 16:36:23,452 - INFO - Discovered URL: http://google.com/play
2024-09-16 16:36:23,452 - INFO - Discovered URL: http://google.com/policies
2024-09-16 16:36:23,452 - INFO - Discovered URL: http://google.com/preferences
2024-09-16 16:36:23,452 - INFO - Discovered URL: http://google.com/press
2024-09-16 16:36:23,452 - INFO - Discovered URL: http://google.com/privacy
2024-09-16 16:36:23,452 - INFO - Discovered URL: http://google.com/privacypolicy
2024-09-16 16:36:23,452 - INFO - Discovered URL: http://google.com/publications
2024-09-16 16:36:23,452 - INFO - Discovered URL: http://google.com/publisher
2024-09-16 16:36:23,452 - INFO - Discovered URL: http://google.com/recovery
2024-09-16 16:36:23,452 - INFO - Discovered URL: http://google.com/related
2024-09-16 16:36:23,452 - INFO - Discovered URL: http://google.com/reporting
2024-09-16 16:36:23,452 - INFO - Discovered URL: http://google.com/research
2024-09-16 16:36:23,452 - INFO - Discovered URL: http://google.com/retail
2024-09-16 16:36:23,452 - INFO - Discovered URL: http://google.com/robots.txt
2024-09-16 16:36:23,452 - INFO - Discovered URL: http://google.com/save
2024-09-16 16:36:23,452 - INFO - Discovered URL: http://google.com/saved
2024-09-16 16:36:23,452 - INFO - Discovered URL: http://google.com/saves
2024-09-16 16:36:23,462 - INFO - Discovered URL: http://google.com/script
2024-09-16 16:36:23,462 - INFO - Discovered URL: http://google.com/search
2024-09-16 16:36:23,462 - INFO - Discovered URL: http://google.com/security
2024-09-16 16:36:23,462 - INFO - Discovered URL: http://google.com/services
2024-09-16 16:36:23,462 - INFO - Discovered URL: http://google.com/shopping
2024-09-16 16:36:23,462 - INFO - Discovered URL: http://google.com/sitemap.xml
2024-09-16 16:36:23,462 - INFO - Discovered URL: http://google.com/sitemaps
2024-09-16 16:36:23,462 - INFO - Discovered URL: http://google.com/sites
2024-09-16 16:36:23,462 - INFO - Discovered URL: http://google.com/sitesearch
2024-09-16 16:36:23,462 - INFO - Discovered URL: http://google.com/slides
2024-09-16 16:36:23,462 - INFO - Discovered URL: http://google.com/sms
2024-09-16 16:36:23,462 - INFO - Discovered URL: http://google.com/store
2024-09-16 16:36:23,462 - INFO - Discovered URL: http://google.com/student
2024-09-16 16:36:23,462 - INFO - Discovered URL: http://google.com/students
2024-09-16 16:36:23,462 - INFO - Discovered URL: http://google.com/support
2024-09-16 16:36:23,462 - INFO - Discovered URL: http://google.com/survey
2024-09-16 16:36:23,462 - INFO - Discovered URL: http://google.com/surveys
2024-09-16 16:36:23,462 - INFO - Discovered URL: http://google.com/tags
2024-09-16 16:36:23,462 - INFO - Discovered URL: http://google.com/talk
2024-09-16 16:36:23,462 - INFO - Discovered URL: http://google.com/technology
2024-09-16 16:36:23,462 - INFO - Discovered URL: http://google.com/toolbar
2024-09-16 16:36:23,462 - INFO - Discovered URL: http://google.com/tools
2024-09-16 16:36:23,462 - INFO - Discovered URL: http://google.com/translate
2024-09-16 16:36:23,462 - INFO - Discovered URL: http://google.com/travel
2024-09-16 16:36:23,462 - INFO - Discovered URL: http://google.com/trends
2024-09-16 16:36:23,462 - INFO - Discovered URL: http://google.com/tv
2024-09-16 16:36:23,462 - INFO - Discovered URL: http://google.com/video
2024-09-16 16:36:23,462 - INFO - Discovered URL: http://google.com/views
2024-09-16 16:36:23,462 - INFO - Discovered URL: http://google.com/webmaster
2024-09-16 16:36:23,462 - INFO - Discovered URL: http://google.com/webmasters
2024-09-16 16:36:23,462 - INFO - Discovered URL: http://google.com/whatsnew
2024-09-16 16:36:23,462 - INFO - Discovered URL: http://google.com/wifi
2024-09-16 16:36:23,462 - INFO - Discovered URL: http://google.com/wml
2024-09-16 16:36:23,462 - INFO - Discovered URL: http://google.com/work
2024-09-16 16:36:23,462 - INFO - Discovered URL: http://google.com/xhtml
2024-09-16 16:36:59,068 - INFO - Logging started
2024-09-16 16:36:59,083 - INFO - Scanning domain: google.com | IP Address: 142.250.179.110
2024-09-16 16:36:59,083 - INFO - Starting directory scan on URL: http://google.com
2024-09-16 16:37:36,948 - INFO - Discovered URL: http://google.com/.well-known/security.txt
2024-09-16 16:37:36,948 - INFO - Discovered URL: http://google.com/2001
2024-09-16 16:37:36,948 - INFO - Discovered URL: http://google.com/2002
2024-09-16 16:37:36,948 - INFO - Discovered URL: http://google.com/2003
2024-09-16 16:37:36,948 - INFO - Discovered URL: http://google.com/2004
2024-09-16 16:37:36,948 - INFO - Discovered URL: http://google.com/2005
2024-09-16 16:37:36,948 - INFO - Discovered URL: http://google.com/2006
2024-09-16 16:37:36,948 - INFO - Discovered URL: http://google.com/2007
2024-09-16 16:37:36,948 - INFO - Discovered URL: http://google.com/2008
2024-09-16 16:37:36,949 - INFO - Discovered URL: http://google.com/2009
2024-09-16 16:37:36,949 - INFO - Discovered URL: http://google.com/2010
2024-09-16 16:37:36,949 - INFO - Discovered URL: http://google.com/2011
2024-09-16 16:37:36,949 - INFO - Discovered URL: http://google.com/2012
2024-09-16 16:37:36,949 - INFO - Discovered URL: http://google.com/2013
2024-09-16 16:37:36,949 - INFO - Discovered URL: http://google.com/2014
2024-09-16 16:37:36,949 - INFO - Discovered URL: http://google.com/2015
2024-09-16 16:37:36,949 - INFO - Discovered URL: http://google.com/2016
2024-09-16 16:37:36,949 - INFO - Discovered URL: http://google.com/2017
2024-09-16 16:37:36,949 - INFO - Discovered URL: http://google.com/2018
2024-09-16 16:37:36,950 - INFO - Discovered URL: http://google.com/2019
2024-09-16 16:37:36,950 - INFO - Discovered URL: http://google.com/2020
2024-09-16 16:37:36,950 - INFO - Discovered URL: http://google.com/Research
2024-09-16 16:37:36,950 - INFO - Discovered URL: http://google.com/about
2024-09-16 16:37:36,950 - INFO - Discovered URL: http://google.com/accessibility
2024-09-16 16:37:36,950 - INFO - Discovered URL: http://google.com/account
2024-09-16 16:37:36,950 - INFO - Discovered URL: http://google.com/accounts
2024-09-16 16:37:36,950 - INFO - Discovered URL: http://google.com/activity
2024-09-16 16:37:36,950 - INFO - Discovered URL: http://google.com/ads
2024-09-16 16:37:36,950 - INFO - Discovered URL: http://google.com/advanced_search
2024-09-16 16:37:36,951 - INFO - Discovered URL: http://google.com/advertise
2024-09-16 16:37:36,951 - INFO - Discovered URL: http://google.com/advertisers
2024-09-16 16:37:36,951 - INFO - Discovered URL: http://google.com/advertising
2024-09-16 16:37:36,951 - INFO - Discovered URL: http://google.com/africa
2024-09-16 16:37:36,951 - INFO - Discovered URL: http://google.com/alerts
2024-09-16 16:37:36,951 - INFO - Discovered URL: http://google.com/analytics
2024-09-16 16:37:36,951 - INFO - Discovered URL: http://google.com/android
2024-09-16 16:37:36,951 - INFO - Discovered URL: http://google.com/answers
2024-09-16 16:37:36,952 - INFO - Discovered URL: http://google.com/apis
2024-09-16 16:37:36,952 - INFO - Discovered URL: http://google.com/apple-app-site-association
2024-09-16 16:37:36,952 - INFO - Discovered URL: http://google.com/appliance
2024-09-16 16:37:36,952 - INFO - Discovered URL: http://google.com/blocked
2024-09-16 16:37:36,952 - INFO - Discovered URL: http://google.com/blog
2024-09-16 16:37:36,952 - INFO - Discovered URL: http://google.com/blogger
2024-09-16 16:37:36,952 - INFO - Discovered URL: http://google.com/books
2024-09-16 16:37:36,952 - INFO - Discovered URL: http://google.com/business
2024-09-16 16:37:36,953 - INFO - Discovered URL: http://google.com/calendar
2024-09-16 16:37:36,953 - INFO - Discovered URL: http://google.com/careers
2024-09-16 16:37:36,953 - INFO - Discovered URL: http://google.com/cars
2024-09-16 16:37:36,953 - INFO - Discovered URL: http://google.com/chat
2024-09-16 16:37:36,953 - INFO - Discovered URL: http://google.com/chrome
2024-09-16 16:37:36,953 - INFO - Discovered URL: http://google.com/collection
2024-09-16 16:37:36,953 - INFO - Discovered URL: http://google.com/company
2024-09-16 16:37:36,953 - INFO - Discovered URL: http://google.com/compare
2024-09-16 16:37:36,954 - INFO - Discovered URL: http://google.com/contact
2024-09-16 16:37:36,954 - INFO - Discovered URL: http://google.com/contacts
2024-09-16 16:37:36,954 - INFO - Discovered URL: http://google.com/creditcards
2024-09-16 16:37:36,954 - INFO - Discovered URL: http://google.com/crossdomain.xml
2024-09-16 16:37:36,954 - INFO - Discovered URL: http://google.com/cse
2024-09-16 16:37:36,954 - INFO - Discovered URL: http://google.com/custom
2024-09-16 16:37:36,954 - INFO - Discovered URL: http://google.com/dashboard
2024-09-16 16:37:36,954 - INFO - Discovered URL: http://google.com/deleted
2024-09-16 16:37:36,954 - INFO - Discovered URL: http://google.com/design
2024-09-16 16:37:36,954 - INFO - Discovered URL: http://google.com/developer
2024-09-16 16:37:36,954 - INFO - Discovered URL: http://google.com/developers
2024-09-16 16:37:36,955 - INFO - Discovered URL: http://google.com/device
2024-09-16 16:37:36,955 - INFO - Discovered URL: http://google.com/devices
2024-09-16 16:37:36,955 - INFO - Discovered URL: http://google.com/docs
2024-09-16 16:37:36,955 - INFO - Discovered URL: http://google.com/domains
2024-09-16 16:37:36,955 - INFO - Discovered URL: http://google.com/doubleclick
2024-09-16 16:37:36,955 - INFO - Discovered URL: http://google.com/ebooks
2024-09-16 16:37:36,955 - INFO - Discovered URL: http://google.com/edu
2024-09-16 16:37:36,955 - INFO - Discovered URL: http://google.com/education
2024-09-16 16:37:36,955 - INFO - Discovered URL: http://google.com/enterprise
2024-09-16 16:37:36,956 - INFO - Discovered URL: http://google.com/favicon.ico
2024-09-16 16:37:36,956 - INFO - Discovered URL: http://google.com/fi
2024-09-16 16:37:36,956 - INFO - Discovered URL: http://google.com/finance
2024-09-16 16:37:36,956 - INFO - Discovered URL: http://google.com/firefox
2024-09-16 16:37:36,956 - INFO - Discovered URL: http://google.com/flights
2024-09-16 16:37:36,956 - INFO - Discovered URL: http://google.com/fonts
2024-09-16 16:37:36,956 - INFO - Discovered URL: http://google.com/forms
2024-09-16 16:37:36,956 - INFO - Discovered URL: http://google.com/fotos
2024-09-16 16:37:36,956 - INFO - Discovered URL: http://google.com/friends
2024-09-16 16:37:36,957 - INFO - Discovered URL: http://google.com/games
2024-09-16 16:37:36,957 - INFO - Discovered URL: http://google.com/grants
2024-09-16 16:37:36,957 - INFO - Discovered URL: http://google.com/green
2024-09-16 16:37:36,957 - INFO - Discovered URL: http://google.com/groups
2024-09-16 16:37:36,957 - INFO - Discovered URL: http://google.com/health
2024-09-16 16:37:36,957 - INFO - Discovered URL: http://google.com/hire
2024-09-16 16:37:36,957 - INFO - Discovered URL: http://google.com/history
2024-09-16 16:37:36,957 - INFO - Discovered URL: http://google.com/home
2024-09-16 16:37:36,957 - INFO - Discovered URL: http://google.com/homepage
2024-09-16 16:37:36,958 - INFO - Discovered URL: http://google.com/hosted
2024-09-16 16:37:36,959 - INFO - Discovered URL: http://google.com/hotels
2024-09-16 16:37:36,959 - INFO - Discovered URL: http://google.com/humans.txt
2024-09-16 16:37:36,959 - INFO - Discovered URL: http://google.com/ideas
2024-09-16 16:37:36,959 - INFO - Discovered URL: http://google.com/ie
2024-09-16 16:37:36,959 - INFO - Discovered URL: http://google.com/ig
2024-09-16 16:37:36,959 - INFO - Discovered URL: http://google.com/images
2024-09-16 16:37:36,959 - INFO - Discovered URL: http://google.com/inbox
2024-09-16 16:37:36,959 - INFO - Discovered URL: http://google.com/index.html
2024-09-16 16:37:36,959 - INFO - Discovered URL: http://google.com/jigsaw
2024-09-16 16:37:36,960 - INFO - Discovered URL: http://google.com/jobs
2024-09-16 16:37:36,960 - INFO - Discovered URL: http://google.com/jump
2024-09-16 16:37:36,960 - INFO - Discovered URL: http://google.com/keep
2024-09-16 16:37:36,960 - INFO - Discovered URL: http://google.com/labs
2024-09-16 16:37:36,960 - INFO - Discovered URL: http://google.com/logos
2024-09-16 16:37:36,960 - INFO - Discovered URL: http://google.com/m
2024-09-16 16:37:36,960 - INFO - Discovered URL: http://google.com/mail
2024-09-16 16:37:36,961 - INFO - Discovered URL: http://google.com/manifest
2024-09-16 16:37:36,961 - INFO - Discovered URL: http://google.com/manufacturers
2024-09-16 16:37:36,961 - INFO - Discovered URL: http://google.com/mini
2024-09-16 16:37:36,961 - INFO - Discovered URL: http://google.com/mobile
2024-09-16 16:37:36,961 - INFO - Discovered URL: http://google.com/moderator
2024-09-16 16:37:36,961 - INFO - Discovered URL: http://google.com/movies
2024-09-16 16:37:36,961 - INFO - Discovered URL: http://google.com/music
2024-09-16 16:37:36,961 - INFO - Discovered URL: http://google.com/myaccount
2024-09-16 16:37:36,962 - INFO - Discovered URL: http://google.com/navigation
2024-09-16 16:37:36,962 - INFO - Discovered URL: http://google.com/news
2024-09-16 16:37:36,962 - INFO - Discovered URL: http://google.com/offers
2024-09-16 16:37:36,962 - INFO - Discovered URL: http://google.com/on
2024-09-16 16:37:36,962 - INFO - Discovered URL: http://google.com/opensource
2024-09-16 16:37:36,962 - INFO - Discovered URL: http://google.com/partners
2024-09-16 16:37:36,962 - INFO - Discovered URL: http://google.com/password
2024-09-16 16:37:36,963 - INFO - Discovered URL: http://google.com/passwords
2024-09-16 16:37:36,963 - INFO - Discovered URL: http://google.com/patents
2024-09-16 16:37:36,963 - INFO - Discovered URL: http://google.com/pay
2024-09-16 16:37:36,963 - INFO - Discovered URL: http://google.com/payments
2024-09-16 16:37:36,963 - INFO - Discovered URL: http://google.com/pda
2024-09-16 16:37:36,963 - INFO - Discovered URL: http://google.com/phone
2024-09-16 16:37:36,963 - INFO - Discovered URL: http://google.com/phones
2024-09-16 16:37:36,963 - INFO - Discovered URL: http://google.com/photos
2024-09-16 16:37:36,963 - INFO - Discovered URL: http://google.com/pixel
2024-09-16 16:37:36,963 - INFO - Discovered URL: http://google.com/places
2024-09-16 16:37:36,963 - INFO - Discovered URL: http://google.com/play
2024-09-16 16:37:36,963 - INFO - Discovered URL: http://google.com/policies
2024-09-16 16:37:36,963 - INFO - Discovered URL: http://google.com/preferences
2024-09-16 16:37:36,964 - INFO - Discovered URL: http://google.com/press
2024-09-16 16:37:36,964 - INFO - Discovered URL: http://google.com/privacy
2024-09-16 16:37:36,964 - INFO - Discovered URL: http://google.com/privacypolicy
2024-09-16 16:37:36,964 - INFO - Discovered URL: http://google.com/publications
2024-09-16 16:37:36,964 - INFO - Discovered URL: http://google.com/publisher
2024-09-16 16:37:36,964 - INFO - Discovered URL: http://google.com/recovery
2024-09-16 16:37:36,964 - INFO - Discovered URL: http://google.com/related
2024-09-16 16:37:36,964 - INFO - Discovered URL: http://google.com/reporting
2024-09-16 16:37:36,964 - INFO - Discovered URL: http://google.com/research
2024-09-16 16:37:36,965 - INFO - Discovered URL: http://google.com/retail
2024-09-16 16:37:36,965 - INFO - Discovered URL: http://google.com/robots.txt
2024-09-16 16:37:36,965 - INFO - Discovered URL: http://google.com/save
2024-09-16 16:37:36,965 - INFO - Discovered URL: http://google.com/saved
2024-09-16 16:37:36,965 - INFO - Discovered URL: http://google.com/saves
2024-09-16 16:37:36,965 - INFO - Discovered URL: http://google.com/script
2024-09-16 16:37:36,965 - INFO - Discovered URL: http://google.com/search
2024-09-16 16:37:36,965 - INFO - Discovered URL: http://google.com/security
2024-09-16 16:37:36,965 - INFO - Discovered URL: http://google.com/services
2024-09-16 16:37:36,966 - INFO - Discovered URL: http://google.com/shopping
2024-09-16 16:37:36,966 - INFO - Discovered URL: http://google.com/sitemap.xml
2024-09-16 16:37:36,966 - INFO - Discovered URL: http://google.com/sitemaps
2024-09-16 16:37:36,966 - INFO - Discovered URL: http://google.com/sites
2024-09-16 16:37:36,966 - INFO - Discovered URL: http://google.com/sitesearch
2024-09-16 16:37:36,966 - INFO - Discovered URL: http://google.com/slides
2024-09-16 16:37:36,966 - INFO - Discovered URL: http://google.com/sms
2024-09-16 16:37:36,966 - INFO - Discovered URL: http://google.com/store
2024-09-16 16:37:36,966 - INFO - Discovered URL: http://google.com/student
2024-09-16 16:37:36,967 - INFO - Discovered URL: http://google.com/students
2024-09-16 16:37:36,967 - INFO - Discovered URL: http://google.com/support
2024-09-16 16:37:36,967 - INFO - Discovered URL: http://google.com/survey
2024-09-16 16:37:36,967 - INFO - Discovered URL: http://google.com/surveys
2024-09-16 16:37:36,967 - INFO - Discovered URL: http://google.com/tags
2024-09-16 16:37:36,967 - INFO - Discovered URL: http://google.com/talk
2024-09-16 16:37:36,967 - INFO - Discovered URL: http://google.com/technology
2024-09-16 16:37:36,967 - INFO - Discovered URL: http://google.com/toolbar
2024-09-16 16:37:36,967 - INFO - Discovered URL: http://google.com/tools
2024-09-16 16:37:36,967 - INFO - Discovered URL: http://google.com/translate
2024-09-16 16:37:36,968 - INFO - Discovered URL: http://google.com/travel
2024-09-16 16:37:36,968 - INFO - Discovered URL: http://google.com/trends
2024-09-16 16:37:36,968 - INFO - Discovered URL: http://google.com/tv
2024-09-16 16:37:36,968 - INFO - Discovered URL: http://google.com/video
2024-09-16 16:37:36,968 - INFO - Discovered URL: http://google.com/views
2024-09-16 16:37:36,968 - INFO - Discovered URL: http://google.com/webmaster
2024-09-16 16:37:36,968 - INFO - Discovered URL: http://google.com/webmasters
2024-09-16 16:37:36,968 - INFO - Discovered URL: http://google.com/whatsnew
2024-09-16 16:37:36,968 - INFO - Discovered URL: http://google.com/wifi
2024-09-16 16:37:36,969 - INFO - Discovered URL: http://google.com/wml
2024-09-16 16:37:36,969 - INFO - Discovered URL: http://google.com/work
2024-09-16 16:37:36,969 - INFO - Discovered URL: http://google.com/xhtml
